2025-10-18 11:23:55.192 UTC [3043] LOG:  starting PostgreSQL 17.6 (Ubuntu 17.6-2.pgdg22.04+1) on x86_64-pc-linux-gnu, compiled by gcc (Ubuntu 11.4.0-1ubuntu1~22.04.2) 11.4.0, 64-bit
2025-10-18 11:23:55.197 UTC [3043] LOG:  listening on IPv4 address "127.0.0.1", port 5432
2025-10-18 11:23:55.199 UTC [3043] LOG:  listening on Unix socket "/var/run/postgresql/.s.PGSQL.5432"
2025-10-18 11:23:55.253 UTC [3047] LOG:  database system was shut down at 2025-10-18 11:23:54 UTC
2025-10-18 11:23:55.305 UTC [3043] LOG:  database system is ready to accept connections
2025-10-18 11:23:56.482 UTC [3054] postgres@template1 LOG:  statement: 
2025-10-18 11:23:57.095 UTC [3057] postgres@template1 LOG:  statement: 
2025-10-18 11:23:57.718 UTC [3060] postgres@template1 LOG:  statement: 
2025-10-18 11:25:42.591 UTC [3077] vagrant@vagrant FATAL:  role "vagrant" does not exist
2025-10-18 11:27:21.669 UTC [3087] postgres@u68824 LOG:  statement: SELECT 1;
2025-10-18 11:27:44.426 UTC [3090] vagrant@u68824 FATAL:  role "vagrant" does not exist
2025-10-18 11:28:55.350 UTC [3045] LOG:  checkpoint starting: time
2025-10-18 11:28:55.369 UTC [3045] LOG:  checkpoint complete: wrote 3 buffers (0.0%); 0 WAL file(s) added, 0 removed, 0 recycled; write=0.006 s, sync=0.001 s, total=0.020 s; sync files=2, longest=0.001 s, average=0.001 s; distance=0 kB, estimate=0 kB; lsn=0/19D27B8, redo lsn=0/19D2760
2025-10-18 11:29:26.358 UTC [3105] vagrant@u68824 FATAL:  role "vagrant" does not exist
2025-10-18 11:36:42.917 UTC [3175] root@u68824 FATAL:  role "root" does not exist
2025-10-18 11:39:32.538 UTC [3187] postgres@u68824 ERROR:  syntax error at or near "/" at character 1
2025-10-18 11:39:32.538 UTC [3187] postgres@u68824 STATEMENT:  /c u68824
	alter system set wal_level = 'replica';
2025-10-18 11:39:35.537 UTC [3187] postgres@u68824 LOG:  statement: ;
2025-10-18 11:39:37.579 UTC [3187] postgres@u68824 LOG:  statement: alter system set wal_level = 'replica';
2025-10-18 11:39:57.537 UTC [3187] postgres@u68824 LOG:  statement: alter system set max_wal_senders = 5;
2025-10-18 11:40:14.944 UTC [3187] postgres@u68824 LOG:  statement: alter system set max_replication_slots = 5;
2025-10-18 11:42:32.934 UTC [3187] postgres@u68824 LOG:  statement: alter system set archive_mode = 'on';
2025-10-18 11:49:58.469 UTC [3187] postgres@u68824 LOG:  statement: alter system set archive_command = 'test ! -f /var/lib/postgresql/wal_archive/%f && cp %p /var/lib/postgresql/wal_archive/%f';
2025-10-18 11:50:45.751 UTC [3043] LOG:  received fast shutdown request
2025-10-18 11:50:45.753 UTC [3043] LOG:  aborting any active transactions
2025-10-18 11:50:45.894 UTC [3043] LOG:  background worker "logical replication launcher" (PID 3050) exited with exit code 1
2025-10-18 11:50:45.897 UTC [3045] LOG:  shutting down
2025-10-18 11:50:45.898 UTC [3045] LOG:  checkpoint starting: shutdown immediate
2025-10-18 11:50:45.903 UTC [3045] LOG:  checkpoint complete: wrote 0 buffers (0.0%); 0 WAL file(s) added, 0 removed, 0 recycled; write=0.001 s, sync=0.001 s, total=0.006 s; sync files=0, longest=0.000 s, average=0.000 s; distance=0 kB, estimate=0 kB; lsn=0/19D2868, redo lsn=0/19D2868
2025-10-18 11:50:45.941 UTC [3043] LOG:  database system is shut down
